2025-05-10 22:25:36,989 [INFO] 🚀 Запуск Scalper Bot
2025-05-10 22:25:47,079 [ERROR] 💥 Подключение к OKX — FAILED: okx GET https://www.okx.com/api/v5/public/instruments?instType=SPOT
2025-05-10 22:26:27,402 [INFO] 🚀 Запуск Scalper Bot
2025-05-10 22:26:37,538 [ERROR] 💥 Подключение к OKX — FAILED: okx GET https://www.okx.com/api/v5/public/instruments?instType=SPOT
2025-05-10 22:28:20,601 [INFO] 🚀 Запуск Scalper Bot
2025-05-10 22:28:30,702 [ERROR] 💥 Подключение к OKX — FAILED: okx GET https://www.okx.com/api/v5/public/instruments?instType=SPOT
2025-05-10 22:29:36,986 [INFO] 🚀 Запуск Scalper Bot
2025-05-10 22:29:47,071 [ERROR] 💥 Подключение к OKX — FAILED: okx GET https://www.okx.com/api/v5/public/instruments?instType=SPOT
2025-05-10 22:41:24,347 [INFO] 🚀 Запуск Scalper Bot
2025-05-10 22:41:34,440 [ERROR] 💥 Подключение к OKX — FAILED: okx GET https://www.okx.com/api/v5/public/instruments?instType=SPOT
2025-05-10 22:46:14,375 [INFO] 🚀 Запуск Scalper Bot
2025-05-10 22:46:24,531 [ERROR] 💥 Подключение к OKX — FAILED: okx GET https://www.okx.com/api/v5/public/instruments?instType=SPOT
2025-05-10 22:47:21,657 [INFO] 🚀 Запуск Scalper Bot
2025-05-10 22:47:31,745 [ERROR] 💥 Подключение к OKX — FAILED: okx GET https://www.okx.com/api/v5/public/instruments?instType=SPOT
2025-05-10 23:01:32,611 [INFO] 🚀 Запуск Scalper Bot
2025-05-10 23:01:36,232 [INFO] ✅ Подключение к OKX и загрузка рынков — OK!
2025-05-10 23:01:36,637 [INFO] ✅ Загрузка исторических данных (OHLCV) — OK!
2025-05-10 23:01:36,665 [INFO] ✅ Расчёт фичей: price=103230.0, speed=-2.00, vol_spike=False, round_lvl=False — OK!
2025-05-10 23:01:36,688 [INFO] ✅ Генерация/экспорт сигнала — OK!
2025-05-10 23:01:36,840 [ERROR] 💥 Backtest — FAILED: 'profit'
2025-05-10 23:01:36,840 [INFO] 🎉 Стартап закончен, бот готов к работе
2025-05-10 23:19:48,825 [INFO] 🚀 Запуск Scalper Bot
2025-05-10 23:19:51,308 [INFO] ✅ Подключение к OKX и загрузка рынков — OK!
2025-05-10 23:19:51,778 [INFO] ✅ Загрузка исторических данных (OHLCV) — OK!
2025-05-10 23:19:51,781 [INFO] ✅ Расчёт фичей: price=103250.0, speed=-26.10, vol_spike=False, round_lvl=False — OK!
2025-05-10 23:19:51,783 [INFO] ✅ Генерация/экспорт сигнала — OK!
2025-05-10 23:19:51,924 [INFO] ✅ Backtest завершён: {'trades': 0, 'EV': 0, 'Sharpe': 0, 'Profit Factor': 0, 'Max Profit': None, 'Max Loss': None} — OK!
2025-05-10 23:19:51,925 [INFO] 🎉 Стартап закончен, бот готов к работе
2025-05-10 23:34:14,056 [INFO] 🚀 Запуск Scalper Bot
2025-05-10 23:34:16,653 [INFO] ✅ Подключение к OKX и загрузка рынков — OK!
2025-05-10 23:34:16,974 [INFO] ✅ Загрузка исторических данных (OHLCV) — OK!
2025-05-10 23:34:16,977 [INFO] ✅ Фичи: price=103173.8, speed=30.30, vol_spike=False, round_lvl=False, iceberg=False — OK!
2025-05-10 23:34:16,978 [INFO] ✅ Генерация/экспорт сигнала — OK!
2025-05-10 23:34:17,121 [INFO] ✅ Backtest завершён: {'trades': 0, 'EV': 0, 'Sharpe': 0, 'Profit Factor': 0, 'Max Profit': None, 'Max Loss': None} — OK!
2025-05-10 23:34:17,122 [INFO] 🎉 Стартап закончен, бот готов к работе
2025-05-10 23:38:35,929 [INFO] 🚀 Запуск Scalper Bot
2025-05-10 23:38:38,463 [INFO] ✅ Подключение к OKX и загрузка рынков — OK!
2025-05-10 23:38:38,777 [INFO] ✅ Загрузка исторических данных (OHLCV) — OK!
2025-05-10 23:38:38,780 [INFO] 🧊 Айсберг не обнаружен
2025-05-10 23:38:38,780 [INFO] ✅ Фичи: price=103056.9, speed=0.00, vol_spike=False, round_lvl=False, iceberg=False — OK!
2025-05-10 23:38:38,781 [INFO] ✅ Генерация/экспорт сигнала — OK!
2025-05-10 23:38:38,945 [INFO] ✅ Backtest завершён: {'trades': 0, 'EV': 0, 'Sharpe': 0, 'Profit Factor': 0, 'Max Profit': None, 'Max Loss': None} — OK!
2025-05-10 23:38:38,945 [INFO] 🎉 Стартап закончен, бот готов к работе
2025-05-10 23:46:57,100 [INFO] 🚀 Запуск Scalper Bot
2025-05-10 23:47:01,071 [INFO] ✅ Подключение к OKX и загрузка рынков — OK!
2025-05-10 23:47:01,385 [INFO] ✅ Загрузка исторических данных (OHLCV) — OK!
2025-05-10 23:47:01,390 [INFO] 🧊 Айсберг не обнаружен
2025-05-10 23:47:01,390 [INFO] ✅ Фичи: price=103148.1, speed=7.10, vol_spike=False, round_lvl=False, iceberg=False — OK!
2025-05-10 23:47:01,393 [INFO] ✅ Генерация/экспорт сигнала — OK!
2025-05-10 23:47:01,546 [INFO] ✅ Backtest завершён: {'trades': 0, 'EV': 0, 'Sharpe': 0, 'Profit Factor': 0, 'Max Profit': None, 'Max Loss': None} — OK!
2025-05-10 23:47:01,546 [INFO] 🎉 Стартап закончен, бот готов к работе
2025-05-10 23:47:31,163 [INFO] 🚀 Запуск Scalper Bot
2025-05-10 23:47:33,788 [INFO] ✅ Подключение к OKX и загрузка рынков — OK!
2025-05-10 23:47:34,336 [INFO] ✅ Загрузка исторических данных (OHLCV) — OK!
2025-05-10 23:47:34,341 [INFO] 🧊 Айсберг не обнаружен
2025-05-10 23:47:34,341 [INFO] ✅ Фичи: price=103152.9, speed=4.80, vol_spike=False, round_lvl=False, iceberg=False — OK!
2025-05-10 23:50:07,452 [INFO] 🚀 Запуск Scalper Bot
2025-05-10 23:50:10,468 [INFO] ✅ Подключение к OKX и загрузка рынков — OK!
2025-05-10 23:50:10,897 [INFO] ✅ Загрузка исторических данных (OHLCV) — OK!
2025-05-10 23:50:10,902 [INFO] 🧊 Айсберг не обнаружен
2025-05-10 23:50:10,902 [INFO] ✅ Фичи: price=103200.0, speed=4.00, vol_spike=False, round_lvl=True, iceberg=False — OK!
2025-05-10 23:50:11,203 [ERROR] 💥 orderbook_features — FAILED: too many values to unpack (expected 2)
2025-05-10 23:51:31,100 [INFO] 🚀 Запуск Scalper Bot
2025-05-10 23:51:34,574 [INFO] ✅ Подключение к OKX и загрузка рынков — OK!
2025-05-10 23:51:34,967 [INFO] ✅ Загрузка исторических данных (OHLCV) — OK!
2025-05-10 23:51:34,970 [INFO] 🧊 Айсберг не обнаружен
2025-05-10 23:51:34,971 [INFO] ✅ Фичи: price=103264.1, speed=68.00, vol_spike=False, round_lvl=False, iceberg=False — OK!
2025-05-10 23:51:35,416 [INFO] 📊 Стакан: кластер покупателей (BID > ASK)
2025-05-10 23:51:35,418 [INFO] ✅ Проверка orderbook imbalance — OK!
2025-05-10 23:51:35,421 [INFO] ✅ Генерация/экспорт сигнала — OK!
2025-05-10 23:51:35,573 [INFO] Empty DataFrame
Columns: []
Index: []
2025-05-10 23:51:35,589 [INFO] ✅ Backtest завершён: {'trades': 0, 'EV': 0, 'Sharpe': 0, 'Profit Factor': 0, 'Max Profit': None, 'Max Loss': None} — OK!
2025-05-10 23:51:35,589 [INFO] 🎉 Стартап закончен, бот готов к работе
2025-05-11 00:06:14,910 [INFO] 🚀 Запуск Scalper Bot
2025-05-11 00:06:17,589 [INFO] ✅ Подключение к OKX и загрузка рынков — OK!
2025-05-11 00:06:17,907 [INFO] ✅ Загрузка исторических данных (OHLCV) — OK!
2025-05-11 00:06:17,911 [INFO] 🧊 Айсберг не обнаружен
2025-05-11 00:06:17,911 [INFO] ✅ Фичи: price=103175.0, speed=8.90, vol_spike=False, round_lvl=False, iceberg=False — OK!
2025-05-11 00:06:18,515 [INFO] 📊 Стакан: кластер продавцов (ASK > BID)
2025-05-11 00:06:18,515 [INFO] ✅ Проверка orderbook imbalance — OK!
2025-05-11 00:06:18,516 [INFO] 🔒 Пропущен из-за кластера продавцов
2025-05-11 00:06:18,517 [INFO] ✅ Генерация/экспорт сигнала — OK!
2025-05-11 00:06:18,681 [INFO] Empty DataFrame
Columns: []
Index: []
2025-05-11 00:06:18,684 [INFO] ✅ Backtest завершён: {'trades': 0, 'EV': 0, 'Sharpe': 0, 'Profit Factor': 0, 'Max Profit': None, 'Max Loss': None} — OK!
2025-05-11 00:06:18,684 [INFO] 🎉 Стартап закончен, бот готов к работе
2025-05-12 20:56:52,686 [INFO] 🚀 Запуск Scalper Bot
2025-05-12 20:56:55,625 [INFO] ✅ Подключение к OKX и загрузка рынков — OK!
2025-05-12 20:56:55,921 [INFO] ✅ Загрузка исторических данных (OHLCV) — OK!
2025-05-12 20:56:55,923 [INFO] 📐 ATR=117.06, StopPrice=102461.04
2025-05-12 20:56:55,924 [INFO] ✅ Расчёт ATR и StopPrice — OK!
2025-05-12 20:56:55,926 [INFO] 🧊 Айсберг не обнаружен
2025-05-12 20:56:55,926 [INFO] ✅ Фичи: price=102578.1, speed=-31.60, vol_spike=False, round_lvl=False, iceberg=False — OK!
2025-05-12 20:56:56,279 [INFO] 📊 Стакан: кластер продавцов (ASK > BID)
2025-05-12 20:56:56,280 [INFO] ✅ Проверка orderbook imbalance — OK!
2025-05-12 20:56:56,280 [INFO] 📡 Торговый сигнал: NOTHING
2025-05-12 20:56:56,280 [INFO] ✅ Генерация сигнала — OK!
2025-05-12 20:56:56,282 [INFO] ❌ Не торгуем (signal == NOTHING)
2025-05-12 20:56:56,282 [INFO] ✅ Execution — OK!
2025-05-12 20:56:56,550 [INFO] Empty DataFrame
Columns: []
Index: []
2025-05-12 20:56:56,553 [INFO] ✅ Backtest завершён: {'trades': 0, 'EV': 0, 'Sharpe': 0, 'Profit Factor': 0, 'Max Profit': None, 'Max Loss': None} — OK!
2025-05-12 20:56:56,553 [INFO] 🎉 Стартап закончен, бот готов к работе
